<?xml version="1.0" encoding="UTF-8" ?>
<testsuite tests="6" failures="0" name="SightingsTest" time="0.441" errors="0" skipped="0">
  <properties>
[...]
</properties>
  <testcase classname="SightingsTest" name="equals_returnsTrueIfLocationAndDescriptionAreSame_true" time="0.023"/>
  <testcase classname="SightingsTest" name="sighting_instantiatesCorrectly_true" time="0.077"/>
  <testcase classname="SightingsTest" name="find_returnsSightingsWithSameId_secondSightings" time="0.164"/>
  <testcase classname="SightingsTest" name="find_returnsNullWhenNoAnimalsFound_null" time="0.02"/>
  <testcase classname="SightingsTest" name="all_returnsAllInstancesOfSightings_true" time="0.101"/>
  <testcase classname="SightingsTest" name="save_insertsObjectIntoDatabase_Sightings" time="0.056"/>
</testsuite>